#! /usr/local/Cellar/icarus-verilog/10.0/bin/vvp
:ivl_version "10.0 (stable)" "(v10_0)";
:ivl_delay_selection "TYPICAL";
:vpi_time_precision + 0;
:vpi_module "system";
:vpi_module "vhdl_sys";
:vpi_module "v2005_math";
:vpi_module "va_math";
S_0x7f8ce2c066d0 .scope module, "labK" "labK" 2 1;
 .timescale 0 0;
v0x7f8ce2c06830_0 .var "x", 31 0;
    .scope S_0x7f8ce2c066d0;
T_0 ;
    %vpi_call 2 5 "$display", $time, " ", v0x7f8ce2c06830_0 {0 0 0};
    %pushi/vec4 0, 0, 32;
    %store/vec4 v0x7f8ce2c06830_0, 0, 32;
    %vpi_call 2 7 "$display", $time, " ", v0x7f8ce2c06830_0 {0 0 0};
    %load/vec4 v0x7f8ce2c06830_0;
    %addi 2, 0, 32;
    %store/vec4 v0x7f8ce2c06830_0, 0, 32;
    %vpi_call 2 9 "$display", $time, " ", v0x7f8ce2c06830_0 {0 0 0};
    %vpi_call 2 10 "$finish" {0 0 0};
    %end;
    .thread T_0;
# The file index is used to find the file name in the following table.
:file_names 3;
    "N/A";
    "<interactive>";
    "part1.v";
